<?xml version="1.0" encoding="UTF-8"?>
<testsuite xmlns:xsi="http://www.w3.org/2001/XMLSchema-instance" xsi:noNamespaceSchemaLocation="https://maven.apache.org/surefire/maven-surefire-plugin/xsd/surefire-test-report.xsd" name="NextDateTest" time="0.038" tests="40" errors="0" skipped="0" failures="0">
  <properties>
[...]
</properties>
  <testcase name="statementTest1" classname="StatementsTest" time="0.008"/>
  <testcase name="statementTest2" classname="StatementsTest" time="0"/>
  <testcase name="statementTest3" classname="StatementsTest" time="0"/>
  <testcase name="statementTest4" classname="StatementsTest" time="0"/>
  <testcase name="statementTest5" classname="StatementsTest" time="0"/>
  <testcase name="statementTest6" classname="StatementsTest" time="0"/>
  <testcase name="statementTest9" classname="StatementsTest" time="0"/>
  <testcase name="statementTest10" classname="StatementsTest" time="0"/>
  <testcase name="statementTest11" classname="StatementsTest" time="0"/>
  <testcase name="statementTest12" classname="StatementsTest" time="0"/>
  <testcase name="statementTest14" classname="StatementsTest" time="0"/>
  <testcase name="statementTest15" classname="StatementsTest" time="0"/>
  <testcase name="statementTest16" classname="StatementsTest" time="0"/>
  <testcase name="branchTest10" classname="BranchesTest" time="0"/>
  <testcase name="branchTest11" classname="BranchesTest" time="0"/>
  <testcase name="branchTest12" classname="BranchesTest" time="0"/>
  <testcase name="branchTest14" classname="BranchesTest" time="0"/>
  <testcase name="branchTest15" classname="BranchesTest" time="0"/>
  <testcase name="branchTest16" classname="BranchesTest" time="0"/>
  <testcase name="branchTest1" classname="BranchesTest" time="0"/>
  <testcase name="branchTest2" classname="BranchesTest" time="0"/>
  <testcase name="branchTest3" classname="BranchesTest" time="0.001"/>
  <testcase name="branchTest4" classname="BranchesTest" time="0"/>
  <testcase name="branchTest5" classname="BranchesTest" time="0"/>
  <testcase name="branchTest6" classname="BranchesTest" time="0"/>
  <testcase name="branchTest9" classname="BranchesTest" time="0"/>
  <testcase name="predicateTest1" classname="PredicatesTest" time="0"/>
  <testcase name="predicateTest2" classname="PredicatesTest" time="0"/>
  <testcase name="predicateTest3" classname="PredicatesTest" time="0"/>
  <testcase name="predicateTest4" classname="PredicatesTest" time="0"/>
  <testcase name="predicateTest5" classname="PredicatesTest" time="0"/>
  <testcase name="predicateTest6" classname="PredicatesTest" time="0"/>
  <testcase name="predicateTest9" classname="PredicatesTest" time="0"/>
  <testcase name="predicateTest10" classname="PredicatesTest" time="0"/>
  <testcase name="predicateTest11" classname="PredicatesTest" time="0"/>
  <testcase name="predicateTest12" classname="PredicatesTest" time="0"/>
  <testcase name="predicateTest14" classname="PredicatesTest" time="0"/>
  <testcase name="predicateTest15" classname="PredicatesTest" time="0"/>
  <testcase name="predicateTest16" classname="PredicatesTest" time="0"/>
  <testcase name="predicateTest19" classname="PredicatesTest" time="0"/>
</testsuite>