<?xml version="1.0" encoding="UTF-8"?>
<testsuite xmlns:xsi="http://www.w3.org/2001/XMLSchema-instance" xsi:noNamespaceSchemaLocation="https://maven.apache.org/surefire/maven-surefire-plugin/xsd/surefire-test-report.xsd" name="StatementsTest" time="0.001" tests="15" errors="0" skipped="0" failures="2">
  <properties>
[...]
</properties>
  <testcase name="statementTest1" classname="StatementsTest" time="0.001"/>
  <testcase name="statementTest2" classname="StatementsTest" time="0"/>
  <testcase name="statementTest3" classname="StatementsTest" time="0"/>
  <testcase name="statementTest4" classname="StatementsTest" time="0"/>
  <testcase name="statementTest5" classname="StatementsTest" time="0"/>
  <testcase name="statementTest6" classname="StatementsTest" time="0"/>
  <testcase name="statementTest7" classname="StatementsTest" time="0">
    <failure message="expected:&lt;1[/1/2004]&gt; but was:&lt;1[2/32/2003]&gt;" type="org.junit.ComparisonFailure"><![CDATA[org.junit.ComparisonFailure: expected:<1[/1/2004]> but was:<1[2/32/2003]>
	at StatementsTest.statementTest7(StatementsTest.java:64)
]]></failure>
  </testcase>
  <testcase name="statementTest8" classname="StatementsTest" time="0">
    <failure message="expected:&lt;[Invalid Input Date]&gt; but was:&lt;[12/32/2021]&gt;" type="org.junit.ComparisonFailure"><![CDATA[org.junit.ComparisonFailure: expected:<[Invalid Input Date]> but was:<[12/32/2021]>
	at StatementsTest.statementTest8(StatementsTest.java:72)
]]></failure>
  </testcase>
  <testcase name="statementTest9" classname="StatementsTest" time="0"/>
  <testcase name="statementTest10" classname="StatementsTest" time="0"/>
  <testcase name="statementTest11" classname="StatementsTest" time="0"/>
  <testcase name="statementTest12" classname="StatementsTest" time="0"/>
  <testcase name="statementTest13" classname="StatementsTest" time="0"/>
  <testcase name="statementTest14" classname="StatementsTest" time="0"/>
  <testcase name="statementTest15" classname="StatementsTest" time="0"/>
</testsuite>