<?xml version="1.0" encoding="UTF-8"?>
<testsuite xmlns:xsi="http://www.w3.org/2001/XMLSchema-instance" xsi:noNamespaceSchemaLocation="https://maven.apache.org/surefire/maven-surefire-plugin/xsd/surefire-test-report.xsd" name="PredicatesTest" time="0" tests="16" errors="0" skipped="0" failures="2">
  <properties>
[...]
</properties>
  <testcase name="predicateTest1" classname="PredicatesTest" time="0"/>
  <testcase name="predicateTest2" classname="PredicatesTest" time="0"/>
  <testcase name="predicateTest3" classname="PredicatesTest" time="0"/>
  <testcase name="predicateTest4" classname="PredicatesTest" time="0"/>
  <testcase name="predicateTest5" classname="PredicatesTest" time="0"/>
  <testcase name="predicateTest6" classname="PredicatesTest" time="0"/>
  <testcase name="predicateTest7" classname="PredicatesTest" time="0">
    <failure message="expected:&lt;1[/1/2004]&gt; but was:&lt;1[2/32/2003]&gt;" type="org.junit.ComparisonFailure"><![CDATA[org.junit.ComparisonFailure: expected:<1[/1/2004]> but was:<1[2/32/2003]>
	at PredicatesTest.predicateTest7(PredicatesTest.java:64)
]]></failure>
  </testcase>
  <testcase name="predicateTest8" classname="PredicatesTest" time="0">
    <failure message="expected:&lt;[Invalid Input Date]&gt; but was:&lt;[12/32/2021]&gt;" type="org.junit.ComparisonFailure"><![CDATA[org.junit.ComparisonFailure: expected:<[Invalid Input Date]> but was:<[12/32/2021]>
	at PredicatesTest.predicateTest8(PredicatesTest.java:72)
]]></failure>
  </testcase>
  <testcase name="predicateTest9" classname="PredicatesTest" time="0"/>
  <testcase name="predicateTest10" classname="PredicatesTest" time="0"/>
  <testcase name="predicateTest11" classname="PredicatesTest" time="0"/>
  <testcase name="predicateTest12" classname="PredicatesTest" time="0"/>
  <testcase name="predicateTest14" classname="PredicatesTest" time="0"/>
  <testcase name="predicateTest15" classname="PredicatesTest" time="0"/>
  <testcase name="predicateTest16" classname="PredicatesTest" time="0"/>
  <testcase name="predicateTest19" classname="PredicatesTest" time="0"/>
</testsuite>